=======SIM Target LOG - Thu Dec  9 12:22:15 EST 2021 - ECE-RTOS9  ==========
mte241-fall2021-lab-g47 testing
AE241-L5 start

AE241-L5 test case 0 start: n=5, Commander 0, Command R, Reporter 2, Traitors{ 0 3 }
src\general.c,61: assertion 'n > 3*m' failed
setup failed
AE241-L5 test case 0 end

AE241-L5 test case 1 start: n=4, Commander 0, Command R, Reporter 3, Traitors{ 1 }
1:0:A
2:0:R
AE241-L5 test case 1 end

AE241-L5 test case 2 start: n=5, Commander 3, Command A, Reporter 2, Traitors{ 3 }
0:3:R
1:3:A
4:3:R
AE241-L5 test case 2 end

AE241-L5 test case 3 start: n=7, Commander 1, Command A, Reporter 5, Traitors{ 1 4 }
0:2:1:R
0:3:1:A
0:4:1:R
0:6:1:R
2:0:1:R
2:3:1:A
2:4:1:R
2:6:1:R
3:0:1:R
3:2:1:R
3:4:1:R
3:6:1:R
4:0:1:R
4:2:1:R
4:3:1:R
4:6:1:R
6:0:1:R
6:2:1:R
6:3:1:A
6:4:1:R
AE241-L5 test case 3 end

AE241-L5 done